2021-07-04 14:01:23,679 [INFO] {'data_dir': '../data', 'no_cuda': False, 'debug': True, 'log_batch_size': 7, 'epochs': 10, 'data_type': 'hieve', 'finetune': False, 'model': 'box', 'downsample': 0.001, 'learning_rate': 0.01, 'lambda_anno': 1.0, 'lambda_trans': 0.0, 'lambda_cross': 0.0, 'volume_temp': 1.0, 'intersection_temp': 0.0001, 'hieve_threshold': -0.6, 'matres_threshold': -0.5, 'mlp_size': 32, 'mlp_output_dim': 32, 'hieve_mlp_size': 64, 'matres_mlp_size': 32, 'proj_output_dim': 32, 'num_layers': 1, 'roberta_hidden_size': 1024, 'lstm_hidden_size': 256, 'lstm_input_size': 768, 'no_valid': False, 'loss_type': 0, 'patience': 8, 'eval_step': 1, 'eval_type': 'one', 'load_model': 0, 'saved_model': '/Users/ehwang/PycharmProjects/CE2ERE/src/model/matres_20210505163300_2ya6wb7v.pt', 'wandb_id': 'hwang7520/CE2ERE-src/2ya6wb7v', 'load_valid': 0, 'save_plot': 1, 'symm_eval': 1}
2021-07-04 14:01:23,679 [INFO] Requested CUDA but it is not available, running on CPU
  0%|          | 0/100 [00:00<?, ?it/s]  1%|          | 1/100 [00:00<00:18,  5.29it/s]  2%|▏         | 2/100 [00:00<00:18,  5.32it/s]  3%|▎         | 3/100 [00:00<00:19,  5.10it/s]  4%|▍         | 4/100 [00:00<00:16,  5.89it/s]  5%|▌         | 5/100 [00:01<00:21,  4.45it/s]  6%|▌         | 6/100 [00:01<00:22,  4.23it/s]  7%|▋         | 7/100 [00:01<00:18,  5.04it/s]  8%|▊         | 8/100 [00:02<00:55,  1.65it/s] 10%|█         | 10/100 [00:03<00:44,  2.02it/s] 11%|█         | 11/100 [00:04<00:49,  1.79it/s] 13%|█▎        | 13/100 [00:04<00:35,  2.44it/s] 14%|█▍        | 14/100 [00:04<00:35,  2.45it/s] 15%|█▌        | 15/100 [00:04<00:29,  2.91it/s] 16%|█▌        | 16/100 [00:05<00:23,  3.64it/s] 18%|█▊        | 18/100 [00:06<00:33,  2.48it/s] 19%|█▉        | 19/100 [00:06<00:26,  3.04it/s] 20%|██        | 20/100 [00:07<00:34,  2.29it/s] 21%|██        | 21/100 [00:07<00:39,  2.01it/s] 22%|██▏       | 22/100 [00:08<00:29,  2.61it/s] 23%|██▎       | 23/100 [00:08<00:27,  2.83it/s] 24%|██▍       | 24/100 [00:08<00:21,  3.53it/s] 25%|██▌       | 25/100 [00:08<00:24,  3.12it/s] 27%|██▋       | 27/100 [00:09<00:19,  3.82it/s] 29%|██▉       | 29/100 [00:09<00:16,  4.19it/s] 30%|███       | 30/100 [00:09<00:14,  4.81it/s] 31%|███       | 31/100 [00:10<00:24,  2.79it/s] 32%|███▏      | 32/100 [00:10<00:19,  3.45it/s] 33%|███▎      | 33/100 [00:10<00:25,  2.66it/s] 34%|███▍      | 34/100 [00:11<00:20,  3.17it/s] 35%|███▌      | 35/100 [00:11<00:24,  2.68it/s] 37%|███▋      | 37/100 [00:12<00:20,  3.12it/s] 38%|███▊      | 38/100 [00:12<00:19,  3.26it/s] 39%|███▉      | 39/100 [00:12<00:15,  4.03it/s] 40%|████      | 40/100 [00:12<00:12,  4.82it/s] 41%|████      | 41/100 [00:12<00:10,  5.49it/s] 43%|████▎     | 43/100 [00:12<00:09,  6.22it/s] 45%|████▌     | 45/100 [00:13<00:08,  6.66it/s] 46%|████▌     | 46/100 [00:13<00:10,  5.10it/s] 48%|████▊     | 48/100 [00:13<00:08,  6.37it/s] 50%|█████     | 50/100 [00:13<00:07,  6.85it/s] 51%|█████     | 51/100 [00:16<00:48,  1.01it/s] 52%|█████▏    | 52/100 [00:17<00:36,  1.33it/s] 53%|█████▎    | 53/100 [00:17<00:27,  1.71it/s] 54%|█████▍    | 54/100 [00:17<00:20,  2.26it/s] 55%|█████▌    | 55/100 [00:17<00:15,  2.89it/s] 56%|█████▌    | 56/100 [00:17<00:12,  3.62it/s] 58%|█████▊    | 58/100 [00:17<00:08,  4.75it/s] 60%|██████    | 60/100 [00:17<00:07,  5.30it/s] 61%|██████    | 61/100 [00:18<00:08,  4.83it/s] 62%|██████▏   | 62/100 [00:18<00:07,  4.80it/s] 63%|██████▎   | 63/100 [00:18<00:08,  4.20it/s] 65%|██████▌   | 65/100 [00:18<00:07,  4.79it/s] 66%|██████▌   | 66/100 [00:19<00:07,  4.61it/s] 67%|██████▋   | 67/100 [00:19<00:09,  3.33it/s] 68%|██████▊   | 68/100 [00:20<00:10,  2.93it/s] 70%|███████   | 70/100 [00:20<00:07,  3.83it/s] 71%|███████   | 71/100 [00:20<00:06,  4.67it/s] 73%|███████▎  | 73/100 [00:20<00:05,  5.39it/s] 74%|███████▍  | 74/100 [00:20<00:04,  5.68it/s] 77%|███████▋  | 77/100 [00:21<00:04,  4.64it/s] 78%|███████▊  | 78/100 [00:21<00:03,  5.52it/s] 80%|████████  | 80/100 [00:21<00:03,  6.54it/s] 83%|████████▎ | 83/100 [00:22<00:02,  7.36it/s] 84%|████████▍ | 84/100 [00:22<00:02,  7.86it/s] 85%|████████▌ | 85/100 [00:22<00:02,  7.37it/s] 87%|████████▋ | 87/100 [00:22<00:01,  8.92it/s] 89%|████████▉ | 89/100 [00:22<00:01,  9.05it/s] 91%|█████████ | 91/100 [00:26<00:05,  1.59it/s] 92%|█████████▏| 92/100 [00:27<00:06,  1.30it/s] 94%|█████████▍| 94/100 [00:28<00:04,  1.45it/s] 95%|█████████▌| 95/100 [00:28<00:02,  1.89it/s] 96%|█████████▌| 96/100 [00:28<00:01,  2.49it/s] 98%|█████████▊| 98/100 [00:29<00:00,  3.33it/s] 99%|█████████▉| 99/100 [00:30<00:00,  1.87it/s]100%|██████████| 100/100 [00:32<00:00,  1.03it/s]100%|██████████| 100/100 [00:32<00:00,  3.11it/s]
2021-07-04 14:01:55,807 [INFO] HiEve Preprocessing took 0:00:32
2021-07-04 14:01:55,808 [INFO] HiEve training instance num: 5833, valid instance num: 8452, test instance num: 6155
2021-07-04 14:01:55,808 [INFO] debug mode on
2021-07-04 14:01:56,041 [INFO] hieve length debugging mode: %d
2021-07-04 14:01:56,927 [INFO] loading configuration file https://s3.amazonaws.com/models.huggingface.co/bert/roberta-base-config.json from cache at /Users/ehwang/.cache/torch/transformers/e1a2a406b5a05063c31f4dfdee7608986ba7c6393f7f79db5e69dcd197208534.117c81977c5979de8c088352e74ec6e70f5c66096c28b61d3c50101609b39690
2021-07-04 14:01:56,928 [INFO] Model config RobertaConfig {
  "architectures": [
    "RobertaForMaskedLM"
  ],
  "attention_probs_dropout_prob": 0.1,
  "bos_token_id": 0,
  "do_sample": false,
  "eos_token_id": 2,
  "eos_token_ids": null,
  "finetuning_task": null,
  "hidden_act": "gelu",
  "hidden_dropout_prob": 0.1,
  "hidden_size": 768,
  "id2label": {
    "0": "LABEL_0",
    "1": "LABEL_1"
  },
  "initializer_range": 0.02,
  "intermediate_size": 3072,
  "is_decoder": false,
  "label2id": {
    "LABEL_0": 0,
    "LABEL_1": 1
  },
  "layer_norm_eps": 1e-05,
  "length_penalty": 1.0,
  "max_length": 20,
  "max_position_embeddings": 514,
  "model_type": "roberta",
  "num_attention_heads": 12,
  "num_beams": 1,
  "num_hidden_layers": 12,
  "num_labels": 2,
  "num_return_sequences": 1,
  "output_attentions": false,
  "output_hidden_states": false,
  "output_past": true,
  "pad_token_id": 1,
  "pruned_heads": {},
  "repetition_penalty": 1.0,
  "temperature": 1.0,
  "top_k": 50,
  "top_p": 1.0,
  "torchscript": false,
  "type_vocab_size": 1,
  "use_bfloat16": false,
  "vocab_size": 50265
}

2021-07-04 14:01:57,771 [INFO] loading weights file https://s3.amazonaws.com/models.huggingface.co/bert/roberta-base-pytorch_model.bin from cache at /Users/ehwang/.cache/torch/transformers/228756ed15b6d200d7cb45aaef08c087e2706f54cb912863d2efe07c89584eb7.49b88ba7ec2c26a7558dda98ca3884c3b80fa31cf43a1b1f23aef3ff81ba344e
Using OneThresholdEvaluator..!
2021-07-04 14:02:00,439 [INFO] ======== Epoch 1 / 10 ========
2021-07-04 14:02:00,439 [INFO] Training start...
  0%|          | 0/1 [00:00<?, ?it/s]100%|██████████| 1/1 [00:39<00:00, 39.63s/it]100%|██████████| 1/1 [00:39<00:00, 39.63s/it]
2021-07-04 14:02:40,069 [INFO] epoch: 1, loss: 441.582955
2021-07-04 14:02:40,071 [INFO] [valid-hieve] start... 
2021-07-04 14:03:14,486 [INFO] confusion_matrix: 
[[81  0  0  1]
 [ 8  0  0  0]
 [ 8  0  0  0]
 [ 1  0  0  1]]
/Users/ehwang/opt/anaconda3/envs/conda-env/lib/python3.7/site-packages/sklearn/metrics/_classification.py:1272: UndefinedMetricWarning: Precision and F-score are ill-defined and being set to 0.0 in labels with no predicted samples. Use `zero_division` parameter to control this behavior.
  _warn_prf(average, modifier, msg_start, len(result))
2021-07-04 14:03:14,495 [INFO] classifiction_report: 
              precision    recall  f1-score   support

          00       0.83      0.99      0.90        82
          01       0.00      0.00      0.00         8
          10       0.00      0.00      0.00         8
          11       0.50      0.50      0.50         2

    accuracy                           0.82       100
   macro avg       0.33      0.37      0.35       100
weighted avg       0.69      0.82      0.75       100

2021-07-04 14:03:14,495 [INFO] macro f1 score: 0.0000
2021-07-04 14:03:14,496 [INFO] done!
2021-07-04 14:03:14,679 [INFO] # of %s labels: %d
2021-07-04 14:03:14,856 [INFO] # of %s labels: %d
2021-07-04 14:03:15,075 [INFO] # of %s labels: %d
2021-07-04 14:03:15,240 [INFO] # of %s labels: %d
2021-07-04 14:03:15,243 [INFO] [cv-valid-hieve] start... 
2021-07-04 14:03:50,080 [INFO] [cv-valid-hieve] constraint-violation: {('10', '10', '01'): 0, ('10', '10', '11'): 0, ('10', '10', '00'): 0, ('10', '11', '01'): 0, ('10', '11', '11'): 0, ('10', '11', '00'): 0, ('10', '00', '01'): 0, ('10', '00', '11'): 0, ('01', '01', '10'): 0, ('01', '01', '11'): 0, ('01', '01', '00'): 0, ('01', '11', '10'): 0, ('01', '11', '11'): 0, ('01', '11', '00'): 0, ('01', '00', '10'): 0, ('01', '00', '11'): 0, ('11', '10', '01'): 0, ('11', '10', '11'): 0, ('11', '10', '00'): 0, ('11', '01', '10'): 0, ('11', '01', '11'): 0, ('11', '01', '00'): 0, ('11', '11', '10'): 0, ('11', '11', '01'): 0, ('11', '11', '00'): 0, ('11', '00', '10'): 0, ('11', '00', '01'): 0, ('11', '00', '11'): 0, ('00', '10', '01'): 0, ('00', '10', '11'): 0, ('00', '01', '10'): 0, ('00', '01', '11'): 0, ('00', '11', '10'): 0, ('00', '11', '01'): 0, ('00', '11', '11'): 0}
2021-07-04 14:03:50,081 [INFO] [cv-valid-hieve] all_cases: {('10', '10'): 0, ('10', '01'): 0, ('10', '11'): 0, ('10', '00'): 0, ('01', '10'): 0, ('01', '01'): 0, ('01', '11'): 0, ('01', '00'): 0, ('11', '10'): 0, ('11', '01'): 0, ('11', '11'): 2, ('11', '00'): 0, ('00', '10'): 0, ('00', '01'): 0, ('00', '11'): 0, ('00', '00'): 98}
2021-07-04 14:03:50,082 [INFO] confusion_matrix: 
[[81  0  0  1]
 [ 8  0  0  0]
 [ 8  0  0  0]
 [ 1  0  0  1]]
2021-07-04 14:03:50,088 [INFO] classifiction_report: 
              precision    recall  f1-score   support

          00       0.83      0.99      0.90        82
          01       0.00      0.00      0.00         8
          10       0.00      0.00      0.00         8
          11       0.50      0.50      0.50         2

    accuracy                           0.82       100
   macro avg       0.33      0.37      0.35       100
weighted avg       0.69      0.82      0.75       100

2021-07-04 14:03:50,088 [INFO] macro f1 score: 0.0000
2021-07-04 14:03:50,089 [INFO] done!
2021-07-04 14:03:50,092 [INFO] valid_metrics: {'[valid-hieve] Precision': 0.5, '[valid-hieve] Recall': 0.05555555555555555, '[valid-hieve] F1 Score': 0.09999999999999999, '[valid] Elapsed Time': 34.42498993873596}
2021-07-04 14:03:50,092 [INFO] cv_valid_metrics: {'[cv-valid-hieve] Precision': 0.5, '[cv-valid-hieve] Recall': 0.05555555555555555, '[cv-valid-hieve] F1 Score': 0.09999999999999999, '[cv-valid] Elapsed Time': 34.845446825027466}
2021-07-04 14:03:50,264 [INFO] model is saved here: ./model/hieve_20210704140200_dz9jc28e.pt, best epoch: 1, best f1 score: 0.100000
2021-07-04 14:03:50,265 [INFO] ======== Epoch 2 / 10 ========
2021-07-04 14:03:50,265 [INFO] Training start...
  0%|          | 0/1 [00:00<?, ?it/s]100%|██████████| 1/1 [00:38<00:00, 38.98s/it]100%|██████████| 1/1 [00:38<00:00, 38.98s/it]
2021-07-04 14:04:29,246 [INFO] epoch: 2, loss: 73.916122
2021-07-04 14:04:29,247 [INFO] [valid-hieve] start... 
2021-07-04 14:05:04,240 [INFO] confusion_matrix: 
[[82  0  0  0]
 [ 8  0  0  0]
 [ 8  0  0  0]
 [ 1  0  0  1]]
2021-07-04 14:05:04,246 [INFO] classifiction_report: 
              precision    recall  f1-score   support

          00       0.83      1.00      0.91        82
          01       0.00      0.00      0.00         8
          10       0.00      0.00      0.00         8
          11       1.00      0.50      0.67         2

    accuracy                           0.83       100
   macro avg       0.46      0.38      0.39       100
weighted avg       0.70      0.83      0.76       100

2021-07-04 14:05:04,246 [INFO] macro f1 score: 0.0000
2021-07-04 14:05:04,246 [INFO] done!
KeyboardInterrupt

The above exception was the direct cause of the following exception:

SystemError: <built-in method write of _io.BufferedWriter object at 0x7fa387035110> returned a result with an error set

The above exception was the direct cause of the following exception:

SystemError: <built-in method write of _io.BufferedWriter object at 0x7fa387035110> returned a result with an error set

The above exception was the direct cause of the following exception:

SystemError: <built-in method write of _io.FileIO object at 0x7fa38264c780> returned a result with an error set

The above exception was the direct cause of the following exception:

SystemError: <built-in method write of _io.BufferedWriter object at 0x7fa387035110> returned a result with an error set

The above exception was the direct cause of the following exception:

SystemError: <built-in method write of _io.BufferedWriter object at 0x7fa387035110> returned a result with an error set

The above exception was the direct cause of the following exception:

SystemError: <built-in method write of _io.BufferedWriter object at 0x7fa387035110> returned a result with an error set

The above exception was the direct cause of the following exception:

SystemError: <built-in method write of _io.BufferedWriter object at 0x7fa387035110> returned a result with an error set

The above exception was the direct cause of the following exception:

SystemError: <built-in method write of _io.BufferedWriter object at 0x7fa387035110> returned a result with an error set

The above exception was the direct cause of the following exception:

Traceback (most recent call last):
  File "/Users/ehwang/PycharmProjects/CE2ERE/src/__main__.py", line 258, in <module>
    main()
  File "/Users/ehwang/PycharmProjects/CE2ERE/src/__main__.py", line 254, in main
    trainer.train()
  File "/Users/ehwang/PycharmProjects/CE2ERE/src/train.py", line 158, in train
    self.evaluation(epoch)
  File "/Users/ehwang/PycharmProjects/CE2ERE/src/train.py", line 173, in evaluation
    valid_metrics.update(self.evaluator.evaluate("hieve", "valid"))
  File "/Users/ehwang/PycharmProjects/CE2ERE/src/train.py", line 339, in evaluate
    self.create_disttribution_plot(vol_ab, vol_ba, "vol_ab", "vol_ba", rel_ids, label)
  File "/Users/ehwang/PycharmProjects/CE2ERE/src/train.py", line 260, in create_disttribution_plot
    plt.savefig(self.fig_save_dir + f"{p1_name}_{p2_name}_{target}_frequency.png")
  File "/Users/ehwang/opt/anaconda3/envs/conda-env/lib/python3.7/site-packages/matplotlib/pyplot.py", line 729, in savefig
    res = fig.savefig(*args, **kwargs)
  File "/Users/ehwang/opt/anaconda3/envs/conda-env/lib/python3.7/site-packages/matplotlib/figure.py", line 2180, in savefig
    self.canvas.print_figure(fname, **kwargs)
  File "/Users/ehwang/opt/anaconda3/envs/conda-env/lib/python3.7/site-packages/matplotlib/backend_bases.py", line 2091, in print_figure
    **kwargs)
  File "/Users/ehwang/opt/anaconda3/envs/conda-env/lib/python3.7/site-packages/matplotlib/backends/backend_agg.py", line 532, in print_png
    self.figure.dpi, metadata=metadata)
SystemError: <built-in method write of _io.BufferedWriter object at 0x7fa387035110> returned a result with an error set
